\BOOKMARK [1][]{section.1}{\376\377\000I\000n\000t\000r\000o\000d\000u\000c\000t\000i\000o\000n}{}% 1
\BOOKMARK [2][]{subsection.1.1}{\376\377\000T\000h\000e\000\040\000I\000m\000p\000o\000r\000t\000a\000n\000c\000e\000\040\000o\000f\000\040\000L\000i\000g\000h\000t\000\040\000a\000n\000d\000\040\000t\000h\000e\000\040\000I\000s\000s\000u\000e\000\040\000o\000f\000\040\000L\000i\000g\000h\000t\000i\000n\000g\000\040\000E\000f\000f\000i\000c\000i\000e\000n\000c\000y}{section.1}% 2
\BOOKMARK [2][]{subsection.1.2}{\376\377\000L\000i\000g\000h\000t\000i\000n\000g\000\040\000F\000u\000n\000d\000a\000m\000e\000n\000t\000a\000l\000s\000:\000\040\000L\000i\000g\000h\000t\000\040\000E\000n\000e\000r\000g\000y\000\040\000a\000n\000d\000\040\000t\000h\000e\000\040\000E\000n\000e\000r\000g\000y\000\040\000C\000o\000n\000v\000e\000r\000s\000i\000o\000n\000\040\000C\000h\000a\000i\000n}{section.1}% 3
\BOOKMARK [2][]{subsection.1.3}{\376\377\000T\000h\000e\000\040\000C\000o\000n\000v\000e\000n\000t\000i\000o\000n\000a\000l\000\040\000M\000e\000t\000h\000o\000d\000\040\000a\000n\000d\000\040\000t\000h\000e\000\040\000T\000h\000o\000r\000n\000y\000\040\000I\000s\000s\000u\000e\000\040\000o\000f\000\040\000L\000u\000m\000i\000n\000o\000u\000s\000\040\000E\000f\000f\000i\000c\000a\000c\000y}{section.1}% 4
\BOOKMARK [2][]{subsection.1.4}{\376\377\000N\000e\000e\000d\000,\000\040\000A\000i\000m\000,\000\040\000C\000o\000n\000t\000r\000i\000b\000u\000t\000i\000o\000n\000s\000,\000\040\000a\000n\000d\000\040\000S\000t\000r\000u\000c\000t\000u\000r\000e}{section.1}% 5
\BOOKMARK [1][]{section.2}{\376\377\000M\000e\000t\000h\000o\000d\000s}{}% 6
\BOOKMARK [2][]{subsection.2.1}{\376\377\000E\000x\000e\000r\000g\000y\000\040\000T\000h\000e\000o\000r\000y}{section.2}% 7
\BOOKMARK [3][]{subsubsection.2.1.1}{\376\377\000E\000n\000e\000r\000g\000y\000\040\000a\000n\000d\000\040\000E\000x\000e\000r\000g\000y\000\040\000\050\000\040\000a\000n\000d\000\040\000\051\000\040\000o\000f\000\040\000H\000e\000a\000t\000\040\000a\000n\000d\000\040\000W\000o\000r\000k}{subsection.2.1}% 8
\BOOKMARK [3][]{subsubsection.2.1.2}{\376\377\000E\000n\000e\000r\000g\000y\000\040\000a\000n\000d\000\040\000E\000x\000e\000r\000g\000y\000\040\000o\000f\000\040\000E\000M\000\040\000R\000a\000d\000i\000a\000t\000i\000o\000n\000\040\000\050\000E\000M\000\040\000a\000n\000d\000\040\000E\000M\000\051}{subsection.2.1}% 9
\BOOKMARK [3][]{subsubsection.2.1.3}{\376\377\000E\000n\000e\000r\000g\000y\000\040\000a\000n\000d\000\040\000E\000x\000e\000r\000g\000y\000\040\000o\000f\000\040\000L\000i\000g\000h\000t\000\040\000\050\000L\000\040\000a\000n\000d\000\040\000L\000\051}{subsection.2.1}% 10
\BOOKMARK [3][]{subsubsection.2.1.4}{\376\377\000T\000h\000e\000\040\000E\000x\000e\000r\000g\000y\000-\000T\000o\000-\000E\000n\000e\000r\000g\000y\000\040\000R\000a\000t\000i\000o\000\040\000o\000f\000\040\000E\000M\000\040\000R\000a\000d\000i\000a\000t\000i\000o\000n\000\040\000\050\000E\000\040\000\040\000M\000\051}{subsection.2.1}% 11
\BOOKMARK [3][]{subsubsection.2.1.5}{\376\377\000L\000i\000g\000h\000t\000i\000n\000g\000\040\000E\000f\000f\000i\000c\000i\000e\000n\000c\000y\000\040\000o\000f\000\040\000a\000\040\000L\000a\000m\000p}{subsection.2.1}% 12
\BOOKMARK [2][]{subsection.2.2}{\376\377\000E\000x\000a\000m\000p\000l\000e\000s\000\040\000a\000n\000d\000\040\000D\000a\000t\000a}{section.2}% 13
\BOOKMARK [3][]{subsubsection.2.2.1}{\376\377\000L\000u\000m\000i\000n\000o\000u\000s\000\040\000W\000e\000i\000g\000h\000t\000i\000n\000g\000\040\000F\000u\000n\000c\000t\000i\000o\000n\000s}{subsection.2.2}% 14
\BOOKMARK [3][]{subsubsection.2.2.2}{\376\377\000L\000a\000m\000p\000s}{subsection.2.2}% 15
\BOOKMARK [1][]{section.3}{\376\377\000R\000e\000s\000u\000l\000t\000s}{}% 16
\BOOKMARK [2][]{subsection.3.1}{\376\377\000S\000p\000e\000c\000t\000r\000a\000l\000\040\000E\000x\000e\000r\000g\000y\000-\000T\000o\000-\000E\000n\000e\000r\000g\000y\000\040\000R\000a\000t\000i\000o\000\040\000\050\000L\000,\000\051}{section.3}% 17
\BOOKMARK [2][]{subsection.3.2}{\376\377\000L\000u\000m\000i\000n\000o\000u\000s\000\040\000W\000e\000i\000g\000h\000t\000i\000n\000g\000\040\000F\000u\000n\000c\000t\000i\000o\000n\000s\000\040\000\050\000f\000\051}{section.3}% 18
\BOOKMARK [2][]{subsection.3.3}{\376\377\000R\000a\000d\000i\000a\000n\000t\000\040\000P\000o\000w\000e\000r\000\040\000\050\000E\000M\000,\000\040\000a\000n\000d\000\040\000E\000M\000,\000\051}{section.3}% 19
\BOOKMARK [2][]{subsection.3.4}{\376\377\000L\000u\000m\000i\000n\000o\000u\000s\000\040\000P\000o\000w\000e\000r\000\040\000\050\000L\000,\000\040\000a\000n\000d\000\040\000L\000,\000\051}{section.3}% 20
\BOOKMARK [2][]{subsection.3.5}{\376\377\000E\000n\000e\000r\000g\000y\000\040\000E\000f\000f\000i\000c\000i\000e\000n\000c\000i\000e\000s\000\040\000\050\000E\000,\000L\000,\000v\000\051}{section.3}% 21
\BOOKMARK [2][]{subsection.3.6}{\376\377\000E\000x\000e\000r\000g\000y\000-\000T\000o\000-\000E\000n\000e\000r\000g\000y\000\040\000R\000a\000t\000i\000o\000\040\000\050\000L\000\051}{section.3}% 22
\BOOKMARK [2][]{subsection.3.7}{\376\377\000E\000x\000e\000r\000g\000e\000t\000i\000c\000\040\000E\000f\000f\000i\000c\000i\000e\000n\000c\000i\000e\000s\000\040\000\050\000X\000,\000L\000,\000v\000\051}{section.3}% 23
\BOOKMARK [1][]{section.4}{\376\377\000D\000i\000s\000c\000u\000s\000s\000i\000o\000n}{}% 24
\BOOKMARK [2][]{subsection.4.1}{\376\377\000C\000o\000m\000p\000a\000r\000i\000s\000o\000n\000\040\000b\000e\000t\000w\000e\000e\000n\000\040\000C\000o\000n\000v\000e\000n\000t\000i\000o\000n\000a\000l\000\040\000a\000n\000d\000\040\000E\000x\000a\000c\000t\000\040\000M\000e\000t\000h\000o\000d\000s\000\040\000t\000o\000\040\000C\000a\000l\000c\000u\000l\000a\000t\000i\000n\000g\000\040\000E\000x\000e\000r\000g\000e\000t\000i\000c\000\040\000E\000f\000f\000i\000c\000i\000e\000n\000c\000y\000\040\000\050\000X\000,\000L\000,\000v\000\051}{section.4}% 25
\BOOKMARK [3][]{subsubsection.4.1.1}{\376\377\000C\000o\000n\000v\000e\000n\000t\000i\000o\000n\000a\000l\000\040\000a\000n\000d\000\040\000E\000x\000a\000c\000t\000\040\000M\000e\000t\000h\000o\000d\000s}{subsection.4.1}% 26
\BOOKMARK [3][]{subsubsection.4.1.2}{\376\377\000I\000m\000p\000l\000i\000c\000a\000t\000i\000o\000n\000s\000\040\000f\000o\000r\000\040\000S\000o\000c\000i\000e\000t\000a\000l\000\040\000E\000x\000e\000r\000g\000y\000\040\000A\000n\000a\000l\000y\000s\000i\000s}{subsection.4.1}% 27
\BOOKMARK [2][]{subsection.4.2}{\376\377\000R\000e\000c\000o\000m\000m\000e\000n\000d\000a\000t\000i\000o\000n\000s}{section.4}% 28
\BOOKMARK [3][]{subsubsection.4.2.1}{\376\377\000R\000e\000c\000o\000m\000m\000e\000n\000d\000a\000t\000i\000o\000n\000\040\000f\000o\000r\000\040\000t\000h\000e\000\040\000E\000x\000a\000c\000t\000\040\000M\000e\000t\000h\000o\000d}{subsection.4.2}% 29
\BOOKMARK [3][]{subsubsection.4.2.2}{\376\377\000R\000e\000c\000o\000m\000m\000e\000n\000d\000a\000t\000i\000o\000n\000\040\000f\000o\000r\000\040\000t\000h\000e\000\040\000U\000n\000i\000v\000e\000r\000s\000a\000l\000\040\000L\000u\000m\000i\000n\000o\000u\000s\000\040\000W\000e\000i\000g\000h\000t\000i\000n\000g\000\040\000F\000u\000n\000c\000t\000i\000o\000n\000\040\000\050\000U\000\051}{subsection.4.2}% 30
\BOOKMARK [3][]{subsubsection.4.2.3}{\376\377\000R\000e\000c\000o\000m\000m\000e\000n\000d\000a\000t\000i\000o\000n\000\040\000f\000o\000r\000\040\000a\000n\000\040\000A\000p\000p\000r\000o\000x\000i\000m\000a\000t\000e\000\040\000M\000e\000t\000h\000o\000d}{subsection.4.2}% 31
\BOOKMARK [2][]{subsection.4.3}{\376\377\000A\000g\000g\000r\000e\000g\000a\000t\000e\000\040\000L\000i\000g\000h\000t\000i\000n\000g\000\040\000E\000f\000f\000i\000c\000i\000e\000n\000c\000i\000e\000s}{section.4}% 32
\BOOKMARK [1][]{section.5}{\376\377\000S\000u\000m\000m\000a\000r\000y\000\040\000a\000n\000d\000\040\000F\000u\000t\000u\000r\000e\000\040\000W\000o\000r\000k}{}% 33
\BOOKMARK [1][]{Item.36}{\376\377\000R\000e\000f\000e\000r\000e\000n\000c\000e\000s}{}% 34
